0 info it worked if it ends with ok
1 verbose cli [ 'C:\\Program Files\\nodejs\\node.exe',
1 verbose cli   'C:\\Users\\Rohith\\AppData\\Roaming\\npm\\node_modules\\npm\\bin\\npm-cli.js',
1 verbose cli   'install',
1 verbose cli   '-g',
1 verbose cli   'mocha' ]
2 info using npm@2.13.2
3 info using node@v5.9.0
4 verbose install initial load of C:\Program Files\nodejs\package.json
5 verbose readDependencies loading dependencies from C:\Program Files\nodejs\package.json
6 silly cache add args [ 'mocha', null ]
7 verbose cache add spec mocha
8 silly cache add parsed spec Result {
8 silly cache add   raw: 'mocha',
8 silly cache add   scope: null,
8 silly cache add   name: 'mocha',
8 silly cache add   rawSpec: '',
8 silly cache add   spec: '*',
8 silly cache add   type: 'range' }
9 silly addNamed mocha@*
10 verbose addNamed "*" is a valid semver range for mocha
11 silly addNameRange { name: 'mocha', range: '*', hasData: false }
12 silly mapToRegistry name mocha
13 silly mapToRegistry using default registry
14 silly mapToRegistry registry https://registry.npmjs.org/
15 silly mapToRegistry uri https://registry.npmjs.org/mocha
16 verbose addNameRange registry:https://registry.npmjs.org/mocha not in flight; fetching
17 verbose request uri https://registry.npmjs.org/mocha
18 verbose request no auth needed
19 info attempt registry request try #1 at 12:00:23 PM
20 verbose request id 384618f4e26a32b8
21 verbose etag "E8A2KEEZZBNOC5CH42RW0D5ZQ"
22 http request GET https://registry.npmjs.org/mocha
23 http 304 https://registry.npmjs.org/mocha
24 silly get cb [ 304,
24 silly get   { date: 'Wed, 25 May 2016 06:30:25 GMT',
24 silly get     via: '1.1 varnish',
24 silly get     'cache-control': 'max-age=300',
24 silly get     etag: '"E8A2KEEZZBNOC5CH42RW0D5ZQ"',
24 silly get     age: '160',
24 silly get     connection: 'keep-alive',
24 silly get     'x-served-by': 'cache-sin6920-SIN',
24 silly get     'x-cache': 'HIT',
24 silly get     'x-cache-hits': '8',
24 silly get     'x-timer': 'S1464157825.113976,VS0,VE0',
24 silly get     vary: 'Accept-Encoding' } ]
25 verbose etag https://registry.npmjs.org/mocha from cache
26 verbose get saving mocha to C:\Users\Rohith\AppData\Roaming\npm-cache\registry.npmjs.org\mocha\.cache.json
27 silly addNameRange number 2 { name: 'mocha', range: '*', hasData: true }
28 silly addNameRange versions [ 'mocha',
28 silly addNameRange   [ '0.0.1-alpha1',
28 silly addNameRange     '0.0.1-alpha2',
28 silly addNameRange     '0.0.1-alpha3',
28 silly addNameRange     '0.0.1-alpha4',
28 silly addNameRange     '0.0.1-alpha5',
28 silly addNameRange     '0.0.1-alpha6',
28 silly addNameRange     '0.0.1',
28 silly addNameRange     '0.0.2',
28 silly addNameRange     '0.0.3',
28 silly addNameRange     '0.0.4',
28 silly addNameRange     '0.0.5',
28 silly addNameRange     '0.0.6',
28 silly addNameRange     '0.0.7',
28 silly addNameRange     '0.0.8',
28 silly addNameRange     '0.1.0',
28 silly addNameRange     '0.2.0',
28 silly addNameRange     '0.3.0',
28 silly addNameRange     '0.3.1',
28 silly addNameRange     '0.3.2',
28 silly addNameRange     '0.3.3',
28 silly addNameRange     '0.3.4',
28 silly addNameRange     '0.3.6',
28 silly addNameRange     '0.4.0',
28 silly addNameRange     '0.5.0',
28 silly addNameRange     '0.6.0',
28 silly addNameRange     '0.7.0',
28 silly addNameRange     '0.7.1',
28 silly addNameRange     '0.8.0',
28 silly addNameRange     '0.8.1',
28 silly addNameRange     '0.9.0',
28 silly addNameRange     '0.10.0',
28 silly addNameRange     '0.10.1',
28 silly addNameRange     '0.10.2',
28 silly addNameRange     '0.11.0',
28 silly addNameRange     '0.12.0',
28 silly addNameRange     '0.12.1',
28 silly addNameRange     '0.13.0',
28 silly addNameRange     '0.14.0',
28 silly addNameRange     '0.14.1',
28 silly addNameRange     '1.0.0',
28 silly addNameRange     '1.0.1',
28 silly addNameRange     '1.0.2',
28 silly addNameRange     '1.0.3',
28 silly addNameRange     '1.1.0',
28 silly addNameRange     '1.2.0',
28 silly addNameRange     '1.2.1',
28 silly addNameRange     '1.2.2',
28 silly addNameRange     '1.3.0',
28 silly addNameRange     '1.3.1',
28 silly addNameRange     '1.3.2',
28 silly addNameRange     '1.4.0',
28 silly addNameRange     '1.4.1',
28 silly addNameRange     '1.4.2',
28 silly addNameRange     '1.4.3',
28 silly addNameRange     '1.5.0',
28 silly addNameRange     '1.6.0',
28 silly addNameRange     '1.7.0',
28 silly addNameRange     '1.7.1',
28 silly addNameRange     '1.7.2',
28 silly addNameRange     '1.7.3',
28 silly addNameRange     '1.7.4',
28 silly addNameRange     '1.8.0',
28 silly addNameRange     '1.8.1',
28 silly addNameRange     '1.8.2',
28 silly addNameRange     '1.9.0',
28 silly addNameRange     '1.10.0',
28 silly addNameRange     '1.11.0',
28 silly addNameRange     '1.12.0',
28 silly addNameRange     '1.12.1',
28 silly addNameRange     '1.13.0',
28 silly addNameRange     '1.14.0',
28 silly addNameRange     '1.15.0',
28 silly addNameRange     '1.15.1',
28 silly addNameRange     '1.16.0',
28 silly addNameRange     '1.16.1',
28 silly addNameRange     '1.16.2',
28 silly addNameRange     '1.17.0',
28 silly addNameRange     '1.17.1',
28 silly addNameRange     '1.18.0',
28 silly addNameRange     '1.18.1',
28 silly addNameRange     '1.18.2',
28 silly addNameRange     '1.19.0',
28 silly addNameRange     '1.20.0',
28 silly addNameRange     '1.20.1',
28 silly addNameRange     '1.21.0',
28 silly addNameRange     '1.21.1',
28 silly addNameRange     '1.21.2',
28 silly addNameRange     '1.21.3',
28 silly addNameRange     '1.21.4',
28 silly addNameRange     '1.21.5',
28 silly addNameRange     '2.0.0',
28 silly addNameRange     '2.0.1',
28 silly addNameRange     '2.1.0',
28 silly addNameRange     '2.2.0',
28 silly addNameRange     '2.2.1',
28 silly addNameRange     '2.2.3',
28 silly addNameRange     '2.2.4',
28 silly addNameRange     '2.2.5',
28 silly addNameRange     '2.3.0',
28 silly addNameRange     '2.3.1',
28 silly addNameRange     '2.3.2',
28 silly addNameRange     '2.3.3',
28 silly addNameRange     '2.3.4',
28 silly addNameRange     '2.4.1',
28 silly addNameRange     '2.4.2',
28 silly addNameRange     '2.4.3',
28 silly addNameRange     '2.4.4',
28 silly addNameRange     '2.4.5',
28 silly addNameRange     '2.5.0',
28 silly addNameRange     '2.5.1',
28 silly addNameRange     '2.5.2' ] ]
29 silly addNamed mocha@2.5.2
30 verbose addNamed "2.5.2" is a plain semver version for mocha
31 silly cache afterAdd mocha@2.5.2
32 verbose afterAdd C:\Users\Rohith\AppData\Roaming\npm-cache\mocha\2.5.2\package\package.json not in flight; writing
33 verbose afterAdd C:\Users\Rohith\AppData\Roaming\npm-cache\mocha\2.5.2\package\package.json written
34 silly install resolved [ { name: 'mocha',
34 silly install resolved     version: '2.5.2',
34 silly install resolved     description: 'simple, flexible, fun test framework',
34 silly install resolved     keywords: [ 'mocha', 'test', 'bdd', 'tdd', 'tap' ],
34 silly install resolved     author: { name: 'TJ Holowaychuk', email: 'tj@vision-media.ca' },
34 silly install resolved     contributors:
34 silly install resolved      [ [Object],
34 silly install resolved        [Object],
34 silly install resolved        [Object],
34 silly install resolved        [Object],
34 silly install resolved        [Object],
34 silly install resolved        [Object],
34 silly install resolved        [Object],
34 silly install resolved        [Object],
34 silly install resolved        [Object],
34 silly install resolved        [Object],
34 silly install resolved        [Object],
34 silly install resolved        [Object],
34 silly install resolved        [Object],
34 silly install resolved        [Object],
34 silly install resolved        [Object],
34 silly install resolved        [Object],
34 silly install resolved        [Object],
34 silly install resolved        [Object],
34 silly install resolved        [Object],
34 silly install resolved        [Object],
34 silly install resolved        [Object],
34 silly install resolved        [Object],
34 silly install resolved        [Object],
34 silly install resolved        [Object],
34 silly install resolved        [Object],
34 silly install resolved        [Object],
34 silly install resolved        [Object],
34 silly install resolved        [Object],
34 silly install resolved        [Object],
34 silly install resolved        [Object],
34 silly install resolved        [Object],
34 silly install resolved        [Object],
34 silly install resolved        [Object],
34 silly install resolved        [Object],
34 silly install resolved        [Object],
34 silly install resolved        [Object],
34 silly install resolved        [Object],
34 silly install resolved        [Object],
34 silly install resolved        [Object],
34 silly install resolved        [Object],
34 silly install resolved        [Object],
34 silly install resolved        [Object],
34 silly install resolved        [Object],
34 silly install resolved        [Object],
34 silly install resolved        [Object],
34 silly install resolved        [Object],
34 silly install resolved        [Object],
34 silly install resolved        [Object],
34 silly install resolved        [Object],
34 silly install resolved        [Object],
34 silly install resolved        [Object],
34 silly install resolved        [Object],
34 silly install resolved        [Object],
34 silly install resolved        [Object],
34 silly install resolved        [Object],
34 silly install resolved        [Object],
34 silly install resolved        [Object],
34 silly install resolved        [Object],
34 silly install resolved        [Object],
34 silly install resolved        [Object],
34 silly install resolved        [Object],
34 silly install resolved        [Object],
34 silly install resolved        [Object],
34 silly install resolved        [Object],
34 silly install resolved        [Object],
34 silly install resolved        [Object],
34 silly install resolved        [Object],
34 silly install resolved        [Object],
34 silly install resolved        [Object],
34 silly install resolved        [Object],
34 silly install resolved        [Object],
34 silly install resolved        [Object],
34 silly install resolved        [Object],
34 silly install resolved        [Object],
34 silly install resolved        [Object],
34 silly install resolved        [Object],
34 silly install resolved        [Object],
34 silly install resolved        [Object],
34 silly install resolved        [Object],
34 silly install resolved        [Object],
34 silly install resolved        [Object],
34 silly install resolved        [Object],
34 silly install resolved        [Object],
34 silly install resolved        [Object],
34 silly install resolved        [Object],
34 silly install resolved        [Object],
34 silly install resolved        [Object],
34 silly install resolved        [Object],
34 silly install resolved        [Object],
34 silly install resolved        [Object],
34 silly install resolved        [Object],
34 silly install resolved        [Object],
34 silly install resolved        [Object],
34 silly install resolved        [Object],
34 silly install resolved        [Object],
34 silly install resolved        [Object],
34 silly install resolved        [Object],
34 silly install resolved        [Object],
34 silly install resolved        [Object],
34 silly install resolved        [Object],
34 silly install resolved        [Object],
34 silly install resolved        [Object],
34 silly install resolved        [Object],
34 silly install resolved        [Object],
34 silly install resolved        [Object],
34 silly install resolved        [Object],
34 silly install resolved        [Object],
34 silly install resolved        [Object],
34 silly install resolved        [Object],
34 silly install resolved        [Object],
34 silly install resolved        [Object],
34 silly install resolved        [Object],
34 silly install resolved        [Object],
34 silly install resolved        [Object],
34 silly install resolved        [Object],
34 silly install resolved        [Object],
34 silly install resolved        [Object],
34 silly install resolved        [Object],
34 silly install resolved        [Object],
34 silly install resolved        [Object],
34 silly install resolved        [Object],
34 silly install resolved        [Object],
34 silly install resolved        [Object],
34 silly install resolved        [Object],
34 silly install resolved        [Object],
34 silly install resolved        [Object],
34 silly install resolved        [Object],
34 silly install resolved        [Object],
34 silly install resolved        [Object],
34 silly install resolved        [Object],
34 silly install resolved        [Object],
34 silly install resolved        [Object],
34 silly install resolved        [Object],
34 silly install resolved        [Object],
34 silly install resolved        [Object],
34 silly install resolved        [Object],
34 silly install resolved        [Object],
34 silly install resolved        [Object],
34 silly install resolved        [Object],
34 silly install resolved        [Object],
34 silly install resolved        [Object],
34 silly install resolved        [Object],
34 silly install resolved        [Object],
34 silly install resolved        [Object],
34 silly install resolved        [Object],
34 silly install resolved        [Object],
34 silly install resolved        [Object],
34 silly install resolved        [Object],
34 silly install resolved        [Object],
34 silly install resolved        [Object],
34 silly install resolved        [Object],
34 silly install resolved        [Object],
34 silly install resolved        [Object],
34 silly install resolved        [Object],
34 silly install resolved        [Object],
34 silly install resolved        [Object],
34 silly install resolved        [Object],
34 silly install resolved        [Object],
34 silly install resolved        [Object],
34 silly install resolved        [Object],
34 silly install resolved        [Object],
34 silly install resolved        [Object],
34 silly install resolved        [Object],
34 silly install resolved        [Object],
34 silly install resolved        [Object],
34 silly install resolved        [Object],
34 silly install resolved        [Object],
34 silly install resolved        [Object],
34 silly install resolved        [Object],
34 silly install resolved        [Object],
34 silly install resolved        [Object],
34 silly install resolved        [Object],
34 silly install resolved        [Object],
34 silly install resolved        [Object],
34 silly install resolved        [Object],
34 silly install resolved        [Object],
34 silly install resolved        [Object],
34 silly install resolved        [Object],
34 silly install resolved        [Object],
34 silly install resolved        [Object],
34 silly install resolved        [Object],
34 silly install resolved        [Object],
34 silly install resolved        [Object],
34 silly install resolved        [Object],
34 silly install resolved        [Object],
34 silly install resolved        [Object],
34 silly install resolved        [Object],
34 silly install resolved        [Object],
34 silly install resolved        [Object],
34 silly install resolved        [Object],
34 silly install resolved        [Object],
34 silly install resolved        [Object],
34 silly install resolved        [Object],
34 silly install resolved        [Object],
34 silly install resolved        [Object],
34 silly install resolved        [Object],
34 silly install resolved        [Object],
34 silly install resolved        [Object],
34 silly install resolved        [Object],
34 silly install resolved        [Object],
34 silly install resolved        [Object],
34 silly install resolved        [Object],
34 silly install resolved        [Object],
34 silly install resolved        [Object],
34 silly install resolved        [Object],
34 silly install resolved        [Object],
34 silly install resolved        [Object],
34 silly install resolved        [Object],
34 silly install resolved        [Object],
34 silly install resolved        [Object],
34 silly install resolved        [Object],
34 silly install resolved        [Object],
34 silly install resolved        [Object],
34 silly install resolved        [Object],
34 silly install resolved        [Object],
34 silly install resolved        [Object],
34 silly install resolved        [Object],
34 silly install resolved        [Object],
34 silly install resolved        [Object],
34 silly install resolved        [Object],
34 silly install resolved        [Object],
34 silly install resolved        [Object],
34 silly install resolved        [Object],
34 silly install resolved        [Object],
34 silly install resolved        [Object],
34 silly install resolved        [Object],
34 silly install resolved        [Object],
34 silly install resolved        [Object],
34 silly install resolved        [Object],
34 silly install resolved        [Object],
34 silly install resolved        [Object],
34 silly install resolved        [Object],
34 silly install resolved        [Object],
34 silly install resolved        [Object],
34 silly install resolved        [Object],
34 silly install resolved        [Object],
34 silly install resolved        [Object],
34 silly install resolved        [Object],
34 silly install resolved        [Object],
34 silly install resolved        [Object],
34 silly install resolved        [Object],
34 silly install resolved        [Object],
34 silly install resolved        [Object],
34 silly install resolved        [Object],
34 silly install resolved        [Object],
34 silly install resolved        [Object],
34 silly install resolved        [Object],
34 silly install resolved        [Object],
34 silly install resolved        [Object],
34 silly install resolved        [Object],
34 silly install resolved        [Object],
34 silly install resolved        [Object],
34 silly install resolved        [Object],
34 silly install resolved        [Object],
34 silly install resolved        [Object],
34 silly install resolved        [Object],
34 silly install resolved        [Object],
34 silly install resolved        [Object],
34 silly install resolved        [Object],
34 silly install resolved        [Object],
34 silly install resolved        [Object],
34 silly install resolved        [Object],
34 silly install resolved        [Object],
34 silly install resolved        [Object],
34 silly install resolved        [Object],
34 silly install resolved        [Object],
34 silly install resolved        [Object],
34 silly install resolved        [Object],
34 silly install resolved        [Object],
34 silly install resolved        [Object],
34 silly install resolved        [Object],
34 silly install resolved        [Object],
34 silly install resolved        [Object],
34 silly install resolved        [Object],
34 silly install resolved        [Object],
34 silly install resolved        [Object],
34 silly install resolved        [Object],
34 silly install resolved        [Object],
34 silly install resolved        [Object],
34 silly install resolved        [Object],
34 silly install resolved        [Object],
34 silly install resolved        [Object],
34 silly install resolved        [Object],
34 silly install resolved        [Object],
34 silly install resolved        [Object],
34 silly install resolved        [Object],
34 silly install resolved        [Object],
34 silly install resolved        [Object] ],
34 silly install resolved     license: 'MIT',
34 silly install resolved     repository: { type: 'git', url: 'git://github.com/mochajs/mocha.git' },
34 silly install resolved     bin: { mocha: './bin/mocha', _mocha: './bin/_mocha' },
34 silly install resolved     engines: { node: '>= 0.8.x' },
34 silly install resolved     scripts: { test: 'make test' },
34 silly install resolved     dependencies:
34 silly install resolved      { commander: '2.3.0',
34 silly install resolved        debug: '2.2.0',
34 silly install resolved        diff: '1.4.0',
34 silly install resolved        'escape-string-regexp': '1.0.2',
34 silly install resolved        glob: '3.2.11',
34 silly install resolved        growl: '1.9.2',
34 silly install resolved        jade: '0.26.3',
34 silly install resolved        mkdirp: '0.5.1',
34 silly install resolved        'supports-color': '1.2.0',
34 silly install resolved        'to-iso-string': '0.0.2' },
34 silly install resolved     devDependencies:
34 silly install resolved      { 'browser-stdout': '^1.2.0',
34 silly install resolved        browserify: '^13.0.0',
34 silly install resolved        'coffee-script': '~1.8.0',
34 silly install resolved        eslint: '^1.2.1',
34 silly install resolved        'expect.js': '^0.3.1',
34 silly install resolved        karma: '^0.13.22',
34 silly install resolved        'karma-browserify': '^5.0.5',
34 silly install resolved        'karma-expect': '^1.1.2',
34 silly install resolved        'karma-no-mocha': '^2.0.0',
34 silly install resolved        'karma-phantomjs-launcher': '^0.2.3',
34 silly install resolved        'karma-sauce-launcher': '^1.0.0',
34 silly install resolved        'karma-spec-reporter': '0.0.26',
34 silly install resolved        phantomjs: '1.9.8',
34 silly install resolved        should: '~8.0.0',
34 silly install resolved        through2: '~0.6.5',
34 silly install resolved        watchify: '^3.7.0' },
34 silly install resolved     files:
34 silly install resolved      [ 'bin',
34 silly install resolved        'images',
34 silly install resolved        'lib',
34 silly install resolved        'index.js',
34 silly install resolved        'mocha.css',
34 silly install resolved        'mocha.js',
34 silly install resolved        'LICENSE' ],
34 silly install resolved     browser:
34 silly install resolved      { debug: './lib/browser/debug.js',
34 silly install resolved        events: './lib/browser/events.js',
34 silly install resolved        tty: './lib/browser/tty.js',
34 silly install resolved        './index.js': './browser-entry.js',
34 silly install resolved        jade: false,
34 silly install resolved        fs: false,
34 silly install resolved        glob: false,
34 silly install resolved        path: false,
34 silly install resolved        'supports-color': false },
34 silly install resolved     licenses: [ [Object] ],
34 silly install resolved     gitHead: 'fdbbe40eaf6fe51a62878ebcaccd785a34e3b4f4',
34 silly install resolved     bugs: { url: 'https://github.com/mochajs/mocha/issues' },
34 silly install resolved     homepage: 'https://github.com/mochajs/mocha#readme',
34 silly install resolved     _id: 'mocha@2.5.2',
34 silly install resolved     _shasum: '35da56544ddc7f1bb679e8869c6b0a01aae696a0',
34 silly install resolved     _from: 'mocha@*',
34 silly install resolved     _npmVersion: '3.8.6',
34 silly install resolved     _nodeVersion: '6.0.0',
34 silly install resolved     _npmUser: { name: 'dasilvacontin', email: 'dasilvacontin@gmail.com' },
34 silly install resolved     dist:
34 silly install resolved      { shasum: '35da56544ddc7f1bb679e8869c6b0a01aae696a0',
34 silly install resolved        tarball: 'https://registry.npmjs.org/mocha/-/mocha-2.5.2.tgz' },
34 silly install resolved     maintainers: [ [Object], [Object], [Object] ],
34 silly install resolved     _npmOperationalInternal:
34 silly install resolved      { host: 'packages-16-east.internal.npmjs.com',
34 silly install resolved        tmp: 'tmp/mocha-2.5.2.tgz_1464081984955_0.8524929364211857' },
34 silly install resolved     directories: {},
34 silly install resolved     _resolved: 'https://registry.npmjs.org/mocha/-/mocha-2.5.2.tgz',
34 silly install resolved     readme: 'ERROR: No README data found!' } ]
35 info install mocha@2.5.2 into C:\Program Files\nodejs
36 info installOne mocha@2.5.2
37 verbose installOne of mocha to C:\Program Files\nodejs not in flight; installing
38 verbose lock using C:\Users\Rohith\AppData\Roaming\npm-cache\_locks\mocha-b738768725210139.lock for C:\Program Files\nodejs\node_modules\mocha
39 silly install write writing mocha 2.5.2 to C:\Program Files\nodejs\node_modules\mocha
40 verbose unbuild node_modules\mocha
41 silly gentlyRm C:\Program Files\nodejs\node_modules\mocha is being purged from base C:\Program Files\nodejs
42 verbose gentlyRm don't care about contents; nuking C:\Program Files\nodejs\node_modules\mocha
43 verbose tar unpack C:\Users\Rohith\AppData\Roaming\npm-cache\mocha\2.5.2\package.tgz
44 verbose tar unpacking to C:\Program Files\nodejs\node_modules\mocha
45 silly gentlyRm C:\Program Files\nodejs\node_modules\mocha is being purged
46 verbose gentlyRm don't care about contents; nuking C:\Program Files\nodejs\node_modules\mocha
47 silly gunzTarPerm modes [ '777', '666' ]
48 error tar.unpack untar error C:\Users\Rohith\AppData\Roaming\npm-cache\mocha\2.5.2\package.tgz
49 verbose unlock done using C:\Users\Rohith\AppData\Roaming\npm-cache\_locks\mocha-b738768725210139.lock for C:\Program Files\nodejs\node_modules\mocha
50 verbose fstream_path C:\Program Files\nodejs\node_modules\mocha
51 verbose fstream_type Directory
52 verbose fstream_class DirWriter
53 verbose stack Error: EPERM: operation not permitted, mkdir 'C:\Program Files\nodejs\node_modules\mocha'
53 verbose stack     at Error (native)
54 verbose fstream_stack C:\Users\Rohith\AppData\Roaming\npm\node_modules\npm\node_modules\fstream\lib\dir-writer.js:35:25
54 verbose fstream_stack C:\Users\Rohith\AppData\Roaming\npm\node_modules\npm\node_modules\mkdirp\index.js:47:53
54 verbose fstream_stack FSReqWrap.oncomplete (fs.js:82:15)
55 verbose cwd D:\JSplay\public
56 error Windows_NT 10.0.10586
57 error argv "C:\\Program Files\\nodejs\\node.exe" "C:\\Users\\Rohith\\AppData\\Roaming\\npm\\node_modules\\npm\\bin\\npm-cli.js" "install" "-g" "mocha"
58 error node v5.9.0
59 error npm  v2.13.2
60 error path C:\Program Files\nodejs\node_modules\mocha
61 error code EPERM
62 error errno -4048
63 error syscall mkdir
64 error Error: EPERM: operation not permitted, mkdir 'C:\Program Files\nodejs\node_modules\mocha'
64 error     at Error (native)
64 error  { [Error: EPERM: operation not permitted, mkdir 'C:\Program Files\nodejs\node_modules\mocha']
64 error   errno: -4048,
64 error   code: 'EPERM',
64 error   syscall: 'mkdir',
64 error   path: 'C:\\Program Files\\nodejs\\node_modules\\mocha',
64 error   fstream_type: 'Directory',
64 error   fstream_path: 'C:\\Program Files\\nodejs\\node_modules\\mocha',
64 error   fstream_class: 'DirWriter',
64 error   fstream_stack:
64 error    [ 'C:\\Users\\Rohith\\AppData\\Roaming\\npm\\node_modules\\npm\\node_modules\\fstream\\lib\\dir-writer.js:35:25',
64 error      'C:\\Users\\Rohith\\AppData\\Roaming\\npm\\node_modules\\npm\\node_modules\\mkdirp\\index.js:47:53',
64 error      'FSReqWrap.oncomplete (fs.js:82:15)' ] }
65 error Please try running this command again as root/Administrator.
66 verbose exit [ -4048, true ]
67 verbose unbuild node_modules\mocha
68 silly gentlyRm C:\Program Files\nodejs\node_modules\mocha is being purged from base C:\Program Files\nodejs
69 verbose gentlyRm don't care about contents; nuking C:\Program Files\nodejs\node_modules\mocha
